c[?7l[2J[0mSeaBIOS (version 1.16.3-debian-1.16.3-2)


iPXE (https://ipxe.org) 00:03.0 CA00 PCI2.10 PnP PMM+1EFC7F60+1EF07F60 CA00
Press Ctrl-B to configure iPXE (PCI 00:03.0)...                                                                               


Booting from Hard Disk...
Boot failed: could not read the boot disk

Booting from Floppy...
Boot failed: could not read the boot disk

Booting from DVD/CD...
Loading CONCORDIA...
c[?7l[2J[0mSeaBIOS (version 1.16.3-debian-1.16.3-2)


iPXE (https://ipxe.org) 00:03.0 CA00 PCI2.10 PnP PMM+1EFC7F60+1EF07F60 CA00
Press Ctrl-B to configure iPXE (PCI 00:03.0)...                                                                               


Booting from Hard Disk...
Boot failed: could not read the boot disk

Booting from Floppy...
Boot failed: could not read the boot disk

Booting from DVD/CD...
Loading CONCORDIA...
c[?7l[2J[0mSeaBIOS (version 1.16.3-debian-1.16.3-2)


iPXE (https://ipxe.org) 00:03.0 CA00 PCI2.10 PnP PMM+1EFC7F60+1EF07F60 CA00
Press Ctrl-B to configure iPXE (PCI 00:03.0)...                                                                               


Booting from Hard Disk...
Boot failed: could not read the boot disk

Booting from Floppy...
Boot failed: could not read the boot disk

Booting from DVD/CD...
Loading CONCORDIA...
c[?7l[2J[0mSeaBIOS (version 1.16.3-debian-1.16.3-2)


iPXE (https://ipxe.org) 00:03.0 CA00 PCI2.10 PnP PMM+1EFC7F60+1EF07F60 CA00
Press Ctrl-B to configure iPXE (PCI 00:03.0)...                                                                               


Booting from Hard Disk...
Boot failed: could not read the boot disk

Booting from Floppy...
B